kiss       kisses
fix        fixes
go         goes
watch      watches
crash      crashes
go         goes
carry      carries
hurry      hurries
study      studies
deny       denies
run        runs
smile      smiles
blahay     blahays
blahey     blaheys
blahiy     blahiys
blahoy     blahoys
blahuy     blahuys
blahssblah blahssblahs
blahxblah  blahxblahs
blahchblah blahchblahs
blahshblah blahshblahs
blahoblah  blahoblahs
blahss     blahsses
blahx      blahxes
blahch     blahches
blahsh     blahshes
blaho      blahoes
blahby     blahbies
blahcy     blahcies
blahdy     blahdies
blahey     blaheys
blahfy     blahfies
blahgy     blahgies
blahhy     blahhies
blahjy     blahjies
blahky     blahkies
blahly     blahlies
blahmy     blahmies
blahny     blahnies
blahpy     blahpies
blahqy     blahqies
blahry     blahries
blahsy     blahsies
blahty     blahties
blahvy     blahvies
blahwy     blahwies
blahxy     blahxies
blahyy     blahyies
blahzy     blahzies
byblah     byblahs
cyblah     cyblahs
dyblah     dyblahs
fyblah     fyblahs
gyblah     gyblahs
hyblah     hyblahs
jyblah     jyblahs
kyblah     kyblahs
lyblah     lyblahs
myblah     myblahs
nyblah     nyblahs
pyblah     pyblahs
qyblah     qyblahs
ryblah     ryblahs
syblah     syblahs
tyblah     tyblahs
vyblah     vyblahs
wyblah     wyblahs
xyblah     xyblahs
yyblah     yyblahs
zyblah     zyblahs
